[START] 2026-04-25 10:33:10
[JOB] tvt_v02_html_pdf_conversion
[RUNNER] /home/hduser/jupyter/gust/RisetEU/scripts/run_tvt_v02_html_pdf_conversion.sh
[OUTPUT] /home/hduser/jupyter/gust/RisetEU/bukuThesis/penyusunan_buku_tesis_tvt_v02/04_lampiran_artefak/pdf_tvt_v02
[ARGS] --dry-run
[ACTIVITY] /home/hduser/jupyter/gust/RisetEU/agentactivity.md
Discovered 36 TVT v02 HTML files.
01. Arima/result/tvt_v02/d1_evaluation_last3/index.html -> bukuThesis/penyusunan_buku_tesis_tvt_v02/04_lampiran_artefak/pdf_tvt_v02/Arima/result/tvt_v02/d1_evaluation_last3/index.pdf
02. Arima/result/tvt_v02/d1_evaluation_last3/mae_atr_fold_allfull.html -> bukuThesis/penyusunan_buku_tesis_tvt_v02/04_lampiran_artefak/pdf_tvt_v02/Arima/result/tvt_v02/d1_evaluation_last3/mae_atr_fold_allfull.pdf
03. Arima/result/tvt_v02/h4_evaluation_last3/index.html -> bukuThesis/penyusunan_buku_tesis_tvt_v02/04_lampiran_artefak/pdf_tvt_v02/Arima/result/tvt_v02/h4_evaluation_last3/index.pdf
04. Arima/result/tvt_v02/h4_evaluation_last3/mae_atr_fold_allfull.html -> bukuThesis/penyusunan_buku_tesis_tvt_v02/04_lampiran_artefak/pdf_tvt_v02/Arima/result/tvt_v02/h4_evaluation_last3/mae_atr_fold_allfull.pdf
05. FLF_BILSTM/results/tvt_v02/bilstm_pipeline_h4_tuning_last6/eurusd_bilstm_pipeline_tvt_summary.html -> bukuThesis/penyusunan_buku_tesis_tvt_v02/04_lampiran_artefak/pdf_tvt_v02/FLF_BILSTM/results/tvt_v02/bilstm_pipeline_h4_tuning_last6/eurusd_bilstm_pipeline_tvt_summary.pdf
06. FLF_BILSTM/results/tvt_v02/d1_ohlc/bilstm_pipeline_d1_tuning_last6/eurusd_bilstm_d1_pipeline_tvt_v02_summary.html -> bukuThesis/penyusunan_buku_tesis_tvt_v02/04_lampiran_artefak/pdf_tvt_v02/FLF_BILSTM/results/tvt_v02/d1_ohlc/bilstm_pipeline_d1_tuning_last6/eurusd_bilstm_d1_pipeline_tvt_v02_summary.pdf
07. FLF_BILSTM/results/tvt_v02/d1_ohlc/d1_evaluation_last3/loss_d1_tvt_v02_bilstm_last3.html -> bukuThesis/penyusunan_buku_tesis_tvt_v02/04_lampiran_artefak/pdf_tvt_v02/FLF_BILSTM/results/tvt_v02/d1_ohlc/d1_evaluation_last3/loss_d1_tvt_v02_bilstm_last3.pdf
08. FLF_BILSTM/results/tvt_v02/d1_ohlc/d1_evaluation_last3/loss_gradient_d1_tvt_v02_bilstm_last3.html -> bukuThesis/penyusunan_buku_tesis_tvt_v02/04_lampiran_artefak/pdf_tvt_v02/FLF_BILSTM/results/tvt_v02/d1_ohlc/d1_evaluation_last3/loss_gradient_d1_tvt_v02_bilstm_last3.pdf
09. FLF_BILSTM/results/tvt_v02/d1_ohlc/d1_evaluation_last3/mae_atr_fold_allfull.html -> bukuThesis/penyusunan_buku_tesis_tvt_v02/04_lampiran_artefak/pdf_tvt_v02/FLF_BILSTM/results/tvt_v02/d1_ohlc/d1_evaluation_last3/mae_atr_fold_allfull.pdf
10. FLF_BILSTM/results/tvt_v02/d1_ohlc/d1_evaluation_last3/ohlc_dot_d1_tvt_v02_bilstm_last3_all.html -> bukuThesis/penyusunan_buku_tesis_tvt_v02/04_lampiran_artefak/pdf_tvt_v02/FLF_BILSTM/results/tvt_v02/d1_ohlc/d1_evaluation_last3/ohlc_dot_d1_tvt_v02_bilstm_last3_all.pdf
11. FLF_BILSTM/results/tvt_v02/d1_ohlc/d1_evaluation_last3/validation_report_d1_tvt_v02_bilstm_last3.html -> bukuThesis/penyusunan_buku_tesis_tvt_v02/04_lampiran_artefak/pdf_tvt_v02/FLF_BILSTM/results/tvt_v02/d1_ohlc/d1_evaluation_last3/validation_report_d1_tvt_v02_bilstm_last3.pdf
12. FLF_BILSTM/results/tvt_v02/h4_evaluation_last3/loss_gradient_h4_tvt_v02_bilstm_last3.html -> bukuThesis/penyusunan_buku_tesis_tvt_v02/04_lampiran_artefak/pdf_tvt_v02/FLF_BILSTM/results/tvt_v02/h4_evaluation_last3/loss_gradient_h4_tvt_v02_bilstm_last3.pdf
13. FLF_BILSTM/results/tvt_v02/h4_evaluation_last3/loss_h4_tvt_v02_bilstm_last3.html -> bukuThesis/penyusunan_buku_tesis_tvt_v02/04_lampiran_artefak/pdf_tvt_v02/FLF_BILSTM/results/tvt_v02/h4_evaluation_last3/loss_h4_tvt_v02_bilstm_last3.pdf
14. FLF_BILSTM/results/tvt_v02/h4_evaluation_last3/mae_atr_fold19_full.html -> bukuThesis/penyusunan_buku_tesis_tvt_v02/04_lampiran_artefak/pdf_tvt_v02/FLF_BILSTM/results/tvt_v02/h4_evaluation_last3/mae_atr_fold19_full.pdf
15. FLF_BILSTM/results/tvt_v02/h4_evaluation_last3/mae_atr_fold20_full.html -> bukuThesis/penyusunan_buku_tesis_tvt_v02/04_lampiran_artefak/pdf_tvt_v02/FLF_BILSTM/results/tvt_v02/h4_evaluation_last3/mae_atr_fold20_full.pdf
16. FLF_BILSTM/results/tvt_v02/h4_evaluation_last3/mae_atr_fold21_full.html -> bukuThesis/penyusunan_buku_tesis_tvt_v02/04_lampiran_artefak/pdf_tvt_v02/FLF_BILSTM/results/tvt_v02/h4_evaluation_last3/mae_atr_fold21_full.pdf
17. FLF_BILSTM/results/tvt_v02/h4_evaluation_last3/mae_atr_fold_allfull.html -> bukuThesis/penyusunan_buku_tesis_tvt_v02/04_lampiran_artefak/pdf_tvt_v02/FLF_BILSTM/results/tvt_v02/h4_evaluation_last3/mae_atr_fold_allfull.pdf
18. FLF_BILSTM/results/tvt_v02/h4_evaluation_last3/ohlc_dot_h4_tvt_v02_bilstm_last3_all.html -> bukuThesis/penyusunan_buku_tesis_tvt_v02/04_lampiran_artefak/pdf_tvt_v02/FLF_BILSTM/results/tvt_v02/h4_evaluation_last3/ohlc_dot_h4_tvt_v02_bilstm_last3_all.pdf
19. FLF_BILSTM/results/tvt_v02/h4_evaluation_last3/validation_report_h4_tvt_v02_bilstm_last3.html -> bukuThesis/penyusunan_buku_tesis_tvt_v02/04_lampiran_artefak/pdf_tvt_v02/FLF_BILSTM/results/tvt_v02/h4_evaluation_last3/validation_report_h4_tvt_v02_bilstm_last3.pdf
20. FLF_LSTM/results/tvt_v02/d1_ohlc/d1_evaluation_last3/loss_d1_tvt_v02_lstm_last3.html -> bukuThesis/penyusunan_buku_tesis_tvt_v02/04_lampiran_artefak/pdf_tvt_v02/FLF_LSTM/results/tvt_v02/d1_ohlc/d1_evaluation_last3/loss_d1_tvt_v02_lstm_last3.pdf
21. FLF_LSTM/results/tvt_v02/d1_ohlc/d1_evaluation_last3/loss_gradient_d1_tvt_v02_lstm_last3.html -> bukuThesis/penyusunan_buku_tesis_tvt_v02/04_lampiran_artefak/pdf_tvt_v02/FLF_LSTM/results/tvt_v02/d1_ohlc/d1_evaluation_last3/loss_gradient_d1_tvt_v02_lstm_last3.pdf
22. FLF_LSTM/results/tvt_v02/d1_ohlc/d1_evaluation_last3/mae_atr_fold_allfull.html -> bukuThesis/penyusunan_buku_tesis_tvt_v02/04_lampiran_artefak/pdf_tvt_v02/FLF_LSTM/results/tvt_v02/d1_ohlc/d1_evaluation_last3/mae_atr_fold_allfull.pdf
23. FLF_LSTM/results/tvt_v02/d1_ohlc/d1_evaluation_last3/ohlc_dot_d1_tvt_v02_lstm_last3_all.html -> bukuThesis/penyusunan_buku_tesis_tvt_v02/04_lampiran_artefak/pdf_tvt_v02/FLF_LSTM/results/tvt_v02/d1_ohlc/d1_evaluation_last3/ohlc_dot_d1_tvt_v02_lstm_last3_all.pdf
24. FLF_LSTM/results/tvt_v02/d1_ohlc/d1_evaluation_last3/validation_report_d1_tvt_v02_lstm_last3.html -> bukuThesis/penyusunan_buku_tesis_tvt_v02/04_lampiran_artefak/pdf_tvt_v02/FLF_LSTM/results/tvt_v02/d1_ohlc/d1_evaluation_last3/validation_report_d1_tvt_v02_lstm_last3.pdf
25. FLF_LSTM/results/tvt_v02/d1_ohlc/lstm_pipeline_d1_tuning_last6/eurusd_lstm_d1_pipeline_tvt_v02_summary.html -> bukuThesis/penyusunan_buku_tesis_tvt_v02/04_lampiran_artefak/pdf_tvt_v02/FLF_LSTM/results/tvt_v02/d1_ohlc/lstm_pipeline_d1_tuning_last6/eurusd_lstm_d1_pipeline_tvt_v02_summary.pdf
26. FLF_LSTM/results/tvt_v02/h4_evaluation_last3/loss_gradient_h4_tvt_v02_lstm_last3.html -> bukuThesis/penyusunan_buku_tesis_tvt_v02/04_lampiran_artefak/pdf_tvt_v02/FLF_LSTM/results/tvt_v02/h4_evaluation_last3/loss_gradient_h4_tvt_v02_lstm_last3.pdf
27. FLF_LSTM/results/tvt_v02/h4_evaluation_last3/loss_h4_tvt_v02_lstm_last3.html -> bukuThesis/penyusunan_buku_tesis_tvt_v02/04_lampiran_artefak/pdf_tvt_v02/FLF_LSTM/results/tvt_v02/h4_evaluation_last3/loss_h4_tvt_v02_lstm_last3.pdf
28. FLF_LSTM/results/tvt_v02/h4_evaluation_last3/mae_atr_fold19_full.html -> bukuThesis/penyusunan_buku_tesis_tvt_v02/04_lampiran_artefak/pdf_tvt_v02/FLF_LSTM/results/tvt_v02/h4_evaluation_last3/mae_atr_fold19_full.pdf
29. FLF_LSTM/results/tvt_v02/h4_evaluation_last3/mae_atr_fold20_full.html -> bukuThesis/penyusunan_buku_tesis_tvt_v02/04_lampiran_artefak/pdf_tvt_v02/FLF_LSTM/results/tvt_v02/h4_evaluation_last3/mae_atr_fold20_full.pdf
30. FLF_LSTM/results/tvt_v02/h4_evaluation_last3/mae_atr_fold21_full.html -> bukuThesis/penyusunan_buku_tesis_tvt_v02/04_lampiran_artefak/pdf_tvt_v02/FLF_LSTM/results/tvt_v02/h4_evaluation_last3/mae_atr_fold21_full.pdf
31. FLF_LSTM/results/tvt_v02/h4_evaluation_last3/mae_atr_fold_allfull.html -> bukuThesis/penyusunan_buku_tesis_tvt_v02/04_lampiran_artefak/pdf_tvt_v02/FLF_LSTM/results/tvt_v02/h4_evaluation_last3/mae_atr_fold_allfull.pdf
32. FLF_LSTM/results/tvt_v02/h4_evaluation_last3/ohlc_dot_h4_tvt_v02_lstm_last3_all.html -> bukuThesis/penyusunan_buku_tesis_tvt_v02/04_lampiran_artefak/pdf_tvt_v02/FLF_LSTM/results/tvt_v02/h4_evaluation_last3/ohlc_dot_h4_tvt_v02_lstm_last3_all.pdf
33. FLF_LSTM/results/tvt_v02/h4_evaluation_last3/validation_report_h4_tvt_v02_lstm_last3.html -> bukuThesis/penyusunan_buku_tesis_tvt_v02/04_lampiran_artefak/pdf_tvt_v02/FLF_LSTM/results/tvt_v02/h4_evaluation_last3/validation_report_h4_tvt_v02_lstm_last3.pdf
34. FLF_LSTM/results/tvt_v02/lstm_pipeline_h4_tuning_last6/eurusd_lstm_pipeline_tvt_summary.html -> bukuThesis/penyusunan_buku_tesis_tvt_v02/04_lampiran_artefak/pdf_tvt_v02/FLF_LSTM/results/tvt_v02/lstm_pipeline_h4_tuning_last6/eurusd_lstm_pipeline_tvt_summary.pdf
35. comparison/tvt_v02/d1/comparison_models_d1_tvt_v02_last3_v01.html -> bukuThesis/penyusunan_buku_tesis_tvt_v02/04_lampiran_artefak/pdf_tvt_v02/comparison/tvt_v02/d1/comparison_models_d1_tvt_v02_last3_v01.pdf
36. comparison/tvt_v02/h4/comparison_models_h4_tvt_v02_last3_v01.html -> bukuThesis/penyusunan_buku_tesis_tvt_v02/04_lampiran_artefak/pdf_tvt_v02/comparison/tvt_v02/h4/comparison_models_h4_tvt_v02_last3_v01.pdf
[END] 2026-04-25 10:33:10 exit=0
